<?xml version="1.0" encoding="UTF-8"?>
<testsuite xmlns:xsi="http://www.w3.org/2001/XMLSchema-instance" xsi:noNamespaceSchemaLocation="https://maven.apache.org/surefire/maven-surefire-plugin/xsd/surefire-test-report-3.0.xsd" version="3.0" name="com.lonton.tree.treemenu.TreeMenuApplicationTests" time="7.871" tests="2" errors="0" skipped="0" failures="0">
  <properties>
[...]
</properties>
  <testcase name="testGetChildrenMenus" classname="com.lonton.tree.treemenu.TreeMenuApplicationTests" time="0.96">
    <system-out><![CDATA[17:02:49.939 [main] DEBUG org.springframework.test.context.BootstrapUtils - Instantiating CacheAwareContextLoaderDelegate from class [org.springframework.test.context.cache.DefaultCacheAwareContextLoaderDelegate]
17:02:49.966 [main] DEBUG org.springframework.test.context.BootstrapUtils - Instantiating BootstrapContext using constructor [public org.springframework.test.context.support.DefaultBootstrapContext(java.lang.Class,org.springframework.test.context.CacheAwareContextLoaderDelegate)]
17:02:50.020 [main] DEBUG org.springframework.test.context.BootstrapUtils - Instantiating TestContextBootstrapper for test class [com.lonton.tree.treemenu.TreeMenuApplicationTests] from class [org.springframework.boot.test.context.SpringBootTestContextBootstrapper]
17:02:50.053 [main] INFO org.springframework.boot.test.context.SpringBootTestContextBootstrapper - Neither @ContextConfiguration nor @ContextHierarchy found for test class [com.lonton.tree.treemenu.TreeMenuApplicationTests], using SpringBootContextLoader
17:02:50.062 [main] DEBUG org.springframework.test.context.support.AbstractContextLoader - Did not detect default resource location for test class [com.lonton.tree.treemenu.TreeMenuApplicationTests]: class path resource [com/lonton/tree/treemenu/TreeMenuApplicationTests-context.xml] does not exist
17:02:50.063 [main] DEBUG org.springframework.test.context.support.AbstractContextLoader - Did not detect default resource location for test class [com.lonton.tree.treemenu.TreeMenuApplicationTests]: class path resource [com/lonton/tree/treemenu/TreeMenuApplicationTestsContext.groovy] does not exist
17:02:50.063 [main] INFO org.springframework.test.context.support.AbstractContextLoader - Could not detect default resource locations for test class [com.lonton.tree.treemenu.TreeMenuApplicationTests]: no resource found for suffixes {-context.xml, Context.groovy}.
17:02:50.065 [main] INFO org.springframework.test.context.support.AnnotationConfigContextLoaderUtils - Could not detect default configuration classes for test class [com.lonton.tree.treemenu.TreeMenuApplicationTests]: TreeMenuApplicationTests does not declare any static, non-private, non-final, nested classes annotated with @Configuration.
17:02:50.143 [main] DEBUG org.springframework.test.context.support.ActiveProfilesUtils - Could not find an 'annotation declaring class' for annotation type [org.springframework.test.context.ActiveProfiles] and class [com.lonton.tree.treemenu.TreeMenuApplicationTests]
17:02:50.278 [main] DEBUG org.springframework.context.annotation.ClassPathScanningCandidateComponentProvider - Identified candidate component class: file [C:\Users\zhanglihong2333\IdeaProjects\treemenu-web\target\classes\com\lonton\tree\treemenu\TreeMenuApplication.class]
17:02:50.279 [main] INFO org.springframework.boot.test.context.SpringBootTestContextBootstrapper - Found @SpringBootConfiguration com.lonton.tree.treemenu.TreeMenuApplication for test class com.lonton.tree.treemenu.TreeMenuApplicationTests
17:02:50.450 [main] DEBUG org.springframework.boot.test.context.SpringBootTestContextBootstrapper - @TestExecutionListeners is not present for class [com.lonton.tree.treemenu.TreeMenuApplicationTests]: using defaults.
17:02:50.451 [main] INFO org.springframework.boot.test.context.SpringBootTestContextBootstrapper - Loaded default TestExecutionListener class names from location [META-INF/spring.factories]: [org.springframework.boot.test.mock.mockito.MockitoTestExecutionListener, org.springframework.boot.test.mock.mockito.ResetMocksTestExecutionListener, org.springframework.boot.test.autoconfigure.restdocs.RestDocsTestExecutionListener, org.springframework.boot.test.autoconfigure.web.client.MockRestServiceServerResetTestExecutionListener, org.springframework.boot.test.autoconfigure.web.servlet.MockMvcPrintOnlyOnFailureTestExecutionListener, org.springframework.boot.test.autoconfigure.web.servlet.WebDriverTestExecutionListener, org.springframework.boot.test.autoconfigure.webservices.client.MockWebServiceServerTestExecutionListener, org.springframework.test.context.web.ServletTestExecutionListener, org.springframework.test.context.support.DirtiesContextBeforeModesTestExecutionListener, org.springframework.test.context.support.DependencyInjectionTestExecutionListener, org.springframework.test.context.support.DirtiesContextTestExecutionListener, org.springframework.test.context.transaction.TransactionalTestExecutionListener, org.springframework.test.context.jdbc.SqlScriptsTestExecutionListener, org.springframework.test.context.event.EventPublishingTestExecutionListener]
17:02:50.481 [main] INFO org.springframework.boot.test.context.SpringBootTestContextBootstrapper - Using TestExecutionListeners: [org.springframework.test.context.web.ServletTestExecutionListener@627acb38, org.springframework.test.context.support.DirtiesContextBeforeModesTestExecutionListener@32b95de, org.springframework.boot.test.mock.mockito.MockitoTestExecutionListener@629cbb1, org.springframework.boot.test.autoconfigure.SpringBootDependencyInjectionTestExecutionListener@165aa43a, org.springframework.test.context.support.DirtiesContextTestExecutionListener@22cd8ec2, org.springframework.test.context.transaction.TransactionalTestExecutionListener@7d977a20, org.springframework.test.context.jdbc.SqlScriptsTestExecutionListener@35ab4260, org.springframework.test.context.event.EventPublishingTestExecutionListener@76134b9b, org.springframework.boot.test.mock.mockito.ResetMocksTestExecutionListener@38667005, org.springframework.boot.test.autoconfigure.restdocs.RestDocsTestExecutionListener@7ee64b53, org.springframework.boot.test.autoconfigure.web.client.MockRestServiceServerResetTestExecutionListener@1131aead, org.springframework.boot.test.autoconfigure.web.servlet.MockMvcPrintOnlyOnFailureTestExecutionListener@7d126083, org.springframework.boot.test.autoconfigure.web.servlet.WebDriverTestExecutionListener@76ffc17c, org.springframework.boot.test.autoconfigure.webservices.client.MockWebServiceServerTestExecutionListener@3a8fb023]
17:02:50.486 [main] DEBUG org.springframework.test.context.support.AbstractDirtiesContextTestExecutionListener - Before test class: context [DefaultTestContext@1218e12 testClass = TreeMenuApplicationTests, testInstance = [null], testMethod = [null], testException = [null], mergedContextConfiguration = [WebMergedContextConfiguration@29c25bbc testClass = TreeMenuApplicationTests, locations = '{}', classes = '{class com.lonton.tree.treemenu.TreeMenuApplication}', contextInitializerClasses = '[]', activeProfiles = '{}', propertySourceLocations = '{}', propertySourceProperties = '{org.springframework.boot.test.context.SpringBootTestContextBootstrapper=true}', contextCustomizers = set[org.springframework.boot.test.context.filter.ExcludeFilterContextCustomizer@25f723b0, org.springframework.boot.test.json.DuplicateJsonObjectContextCustomizerFactory$DuplicateJsonObjectContextCustomizer@4baed682, org.springframework.boot.test.mock.mockito.MockitoContextCustomizer@0, org.springframework.boot.test.web.client.TestRestTemplateContextCustomizer@56e9a474, org.springframework.boot.test.autoconfigure.properties.PropertyMappingContextCustomizer@0, org.springframework.boot.test.autoconfigure.web.servlet.WebDriverContextCustomizerFactory$Customizer@4da39ca9, org.springframework.boot.test.context.SpringBootTestArgs@1, org.springframework.boot.test.context.SpringBootTestWebEnvironment@7c2b6087], resourceBasePath = 'src/main/webapp', contextLoader = 'org.springframework.boot.test.context.SpringBootContextLoader', parent = [null]], attributes = map['org.springframework.test.context.web.ServletTestExecutionListener.activateListener' -> true]], class annotated with @DirtiesContext [false] with mode [null].
17:02:50.526 [main] DEBUG org.springframework.test.context.support.TestPropertySourceUtils - Adding inlined properties to environment: {spring.jmx.enabled=false, org.springframework.boot.test.context.SpringBootTestContextBootstrapper=true}

  .   ____          _            __ _ _
 /\\ / ___'_ __ _ _(_)_ __  __ _ \ \ \ \
( ( )\___ | '_ | '_| | '_ \/ _` | \ \ \ \
 \\/  ___)| |_)| | | | | || (_| |  ) ) ) )
  '  |____| .__|_| |_|_| |_\__, | / / / /
 =========|_|==============|___/=/_/_/_/
 :: Spring Boot ::        (v2.3.7.RELEASE)

2023-04-12 17:02:50.996  INFO 30840 --- [           main] c.l.t.treemenu.TreeMenuApplicationTests  : Starting TreeMenuApplicationTests on LAPTOP-EQ4FJRRO with PID 30840 (started by zhanglihong2333 in C:\Users\zhanglihong2333\IdeaProjects\treemenu-web)
2023-04-12 17:02:50.998 DEBUG 30840 --- [           main] c.l.t.treemenu.TreeMenuApplicationTests  : Running with Spring Boot v2.3.7.RELEASE, Spring v5.2.12.RELEASE
2023-04-12 17:02:50.998  INFO 30840 --- [           main] c.l.t.treemenu.TreeMenuApplicationTests  : The following profiles are active: dev
2023-04-12 17:02:52.919  INFO 30840 --- [           main] trationDelegate$BeanPostProcessorChecker : Bean 'org.springframework.boot.autoconfigure.jdbc.DataSourceTransactionManagerAutoConfiguration$DataSourceTransactionManagerConfiguration' of type [org.springframework.boot.autoconfigure.jdbc.DataSourceTransactionManagerAutoConfiguration$DataSourceTransactionManagerConfiguration] is not eligible for getting processed by all BeanPostProcessors (for example: not eligible for auto-proxying)
2023-04-12 17:02:52.926  INFO 30840 --- [           main] trationDelegate$BeanPostProcessorChecker : Bean 'com.alibaba.druid.spring.boot.autoconfigure.DruidDataSourceAutoConfigure' of type [com.alibaba.druid.spring.boot.autoconfigure.DruidDataSourceAutoConfigure$$EnhancerBySpringCGLIB$$e83bee96] is not eligible for getting processed by all BeanPostProcessors (for example: not eligible for auto-proxying)
2023-04-12 17:02:52.941  INFO 30840 --- [           main] c.a.d.s.b.a.DruidDataSourceAutoConfigure : Init DruidDataSource
2023-04-12 17:02:53.040  INFO 30840 --- [           main] trationDelegate$BeanPostProcessorChecker : Bean 'spring.datasource-org.springframework.boot.autoconfigure.jdbc.DataSourceProperties' of type [org.springframework.boot.autoconfigure.jdbc.DataSourceProperties] is not eligible for getting processed by all BeanPostProcessors (for example: not eligible for auto-proxying)
2023-04-12 17:02:53.176  INFO 30840 --- [           main] com.alibaba.druid.pool.DruidDataSource   : {dataSource-1} inited
2023-04-12 17:02:53.176  INFO 30840 --- [           main] trationDelegate$BeanPostProcessorChecker : Bean 'dataSource' of type [com.alibaba.druid.spring.boot.autoconfigure.DruidDataSourceWrapper] is not eligible for getting processed by all BeanPostProcessors (for example: not eligible for auto-proxying)
2023-04-12 17:02:53.258  INFO 30840 --- [           main] trationDelegate$BeanPostProcessorChecker : Bean 'org.springframework.boot.autoconfigure.jdbc.DataSourceInitializerInvoker' of type [org.springframework.boot.autoconfigure.jdbc.DataSourceInitializerInvoker] is not eligible for getting processed by all BeanPostProcessors (for example: not eligible for auto-proxying)
2023-04-12 17:02:53.268  INFO 30840 --- [           main] trationDelegate$BeanPostProcessorChecker : Bean 'org.springframework.boot.autoconfigure.transaction.TransactionAutoConfiguration' of type [org.springframework.boot.autoconfigure.transaction.TransactionAutoConfiguration] is not eligible for getting processed by all BeanPostProcessors (for example: not eligible for auto-proxying)
2023-04-12 17:02:53.278  INFO 30840 --- [           main] trationDelegate$BeanPostProcessorChecker : Bean 'spring.transaction-org.springframework.boot.autoconfigure.transaction.TransactionProperties' of type [org.springframework.boot.autoconfigure.transaction.TransactionProperties] is not eligible for getting processed by all BeanPostProcessors (for example: not eligible for auto-proxying)
2023-04-12 17:02:53.282  INFO 30840 --- [           main] trationDelegate$BeanPostProcessorChecker : Bean 'platformTransactionManagerCustomizers' of type [org.springframework.boot.autoconfigure.transaction.TransactionManagerCustomizers] is not eligible for getting processed by all BeanPostProcessors (for example: not eligible for auto-proxying)
2023-04-12 17:02:53.295  INFO 30840 --- [           main] trationDelegate$BeanPostProcessorChecker : Bean 'transactionManager' of type [org.springframework.jdbc.datasource.DataSourceTransactionManager] is not eligible for getting processed by all BeanPostProcessors (for example: not eligible for auto-proxying)
2023-04-12 17:02:53.298  INFO 30840 --- [           main] trationDelegate$BeanPostProcessorChecker : Bean 'transactionConfig' of type [com.lonton.tree.treemenu.config.TransactionConfig$$EnhancerBySpringCGLIB$$ad9ea997] is not eligible for getting processed by all BeanPostProcessors (for example: not eligible for auto-proxying)
2023-04-12 17:02:53.304  INFO 30840 --- [           main] trationDelegate$BeanPostProcessorChecker : Bean 'txAdvice' of type [org.springframework.transaction.interceptor.TransactionInterceptor] is not eligible for getting processed by all BeanPostProcessors (for example: not eligible for auto-proxying)
2023-04-12 17:02:53.311  INFO 30840 --- [           main] trationDelegate$BeanPostProcessorChecker : Bean 'txAdviceAdvisor' of type [org.springframework.aop.support.DefaultPointcutAdvisor] is not eligible for getting processed by all BeanPostProcessors (for example: not eligible for auto-proxying)
 _ _   |_  _ _|_. ___ _ |    _ 
| | |\/|_)(_| | |_\  |_)||_|_\ 
     /               |         
                        3.4.2 
2023-04-12 17:02:55.212  INFO 30840 --- [           main] pertySourcedRequestMappingHandlerMapping : Mapped URL path [/v2/api-docs] onto method [springfox.documentation.swagger2.web.Swagger2Controller#getDocumentation(String, HttpServletRequest)]
2023-04-12 17:02:55.689  INFO 30840 --- [           main] o.s.s.concurrent.ThreadPoolTaskExecutor  : Initializing ExecutorService 'applicationTaskExecutor'
2023-04-12 17:02:56.304  INFO 30840 --- [           main] d.s.w.p.DocumentationPluginsBootstrapper : Context refreshed
2023-04-12 17:02:56.362  INFO 30840 --- [           main] d.s.w.p.DocumentationPluginsBootstrapper : Found 1 custom documentation plugin(s)
2023-04-12 17:02:56.420  INFO 30840 --- [           main] s.d.s.w.s.ApiListingReferenceScanner     : Scanning for api listing references
2023-04-12 17:02:56.612  INFO 30840 --- [           main] .d.s.w.r.o.CachingOperationNameGenerator : Generating unique operation named: getChildrenUsingGET_1
2023-04-12 17:02:56.617  INFO 30840 --- [           main] .d.s.w.r.o.CachingOperationNameGenerator : Generating unique operation named: getRootMenusUsingGET_1
2023-04-12 17:02:56.623  INFO 30840 --- [           main] .d.s.w.r.o.CachingOperationNameGenerator : Generating unique operation named: searchMenusUsingGET_1
2023-04-12 17:02:56.686  INFO 30840 --- [           main] c.l.t.treemenu.TreeMenuApplicationTests  : Started TreeMenuApplicationTests in 6.145 seconds (JVM running for 7.817)
2023-04-12 17:02:57.568 DEBUG 30840 --- [           main] c.l.t.t.m.TreeMenuMapper.getChildren     : ==>  Preparing: select menu_id, menu_name, parent_menu_id, menu_level from tree_menu WHERE parent_menu_id = ? ORDER BY parent_menu_id ASC,menu_id ASC
2023-04-12 17:02:57.624 DEBUG 30840 --- [           main] c.l.t.t.m.TreeMenuMapper.getChildren     : ==> Parameters: 0(Long)
2023-04-12 17:02:57.663 DEBUG 30840 --- [           main] c.l.t.t.m.TreeMenuMapper.getChildren     : <==      Total: 3
[TreeMenu(menuId=1, menuName=月度, parentMenuId=0, menuLevel=1, children=null, isLeaf=false, gmtCreate=null, gmtModified=null, isDelete=null), TreeMenu(menuId=54, menuName=季度, parentMenuId=0, menuLevel=1, children=null, isLeaf=false, gmtCreate=null, gmtModified=null, isDelete=null), TreeMenu(menuId=100, menuName=年度, parentMenuId=0, menuLevel=1, children=null, isLeaf=false, gmtCreate=null, gmtModified=null, isDelete=null)]
]]></system-out>
  </testcase>
  <testcase name="testGetRootMenus" classname="com.lonton.tree.treemenu.TreeMenuApplicationTests" time="0.01">
    <system-out><![CDATA[2023-04-12 17:02:57.685 DEBUG 30840 --- [           main] c.l.t.t.m.TreeMenuMapper.getRootMenus    : ==>  Preparing: select menu_id, menu_name, parent_menu_id, menu_level from tree_menu WHERE parent_menu_id = 0 ORDER BY menu_id
2023-04-12 17:02:57.686 DEBUG 30840 --- [           main] c.l.t.t.m.TreeMenuMapper.getRootMenus    : ==> Parameters: 
2023-04-12 17:02:57.688 DEBUG 30840 --- [           main] c.l.t.t.m.TreeMenuMapper.getRootMenus    : <==      Total: 3
[TreeMenu(menuId=1, menuName=月度, parentMenuId=0, menuLevel=1, children=null, isLeaf=false, gmtCreate=null, gmtModified=null, isDelete=null), TreeMenu(menuId=54, menuName=季度, parentMenuId=0, menuLevel=1, children=null, isLeaf=false, gmtCreate=null, gmtModified=null, isDelete=null), TreeMenu(menuId=100, menuName=年度, parentMenuId=0, menuLevel=1, children=null, isLeaf=false, gmtCreate=null, gmtModified=null, isDelete=null)]
]]></system-out>
  </testcase>
</testsuite>